[debug] [2023-04-17T15:36:02.993Z] ----------------------------------------------------------------------
[debug] [2023-04-17T15:36:02.995Z] Command:       C:\Program Files\nodejs\node.exe C:\Users\Gamer\AppData\Roaming\npm\node_modules\firebase-tools\lib\bin\firebase.js init
[debug] [2023-04-17T15:36:02.995Z] CLI Version:   11.27.0
[debug] [2023-04-17T15:36:02.996Z] Platform:      win32
[debug] [2023-04-17T15:36:02.996Z] Node Version:  v16.14.0
[debug] [2023-04-17T15:36:02.997Z] Time:          Mon Apr 17 2023 12:36:02 GMT-0300 (hora estándar de Argentina)
[debug] [2023-04-17T15:36:02.997Z] ----------------------------------------------------------------------
[debug] 
[debug] [2023-04-17T15:36:03.075Z] > command requires scopes: ["email","openid","https://www.googleapis.com/auth/cloudplatformprojects.readonly","https://www.googleapis.com/auth/firebase","https://www.googleapis.com/auth/cloud-platform"]
[debug] [2023-04-17T15:36:03.075Z] > authorizing via signed-in user (lau.cabrera114@gmail.com)
[info] 
     ######## #### ########  ######## ########     ###     ######  ########
     ##        ##  ##     ## ##       ##     ##  ##   ##  ##       ##
     ######    ##  ########  ######   ########  #########  ######  ######
     ##        ##  ##    ##  ##       ##     ## ##     ##       ## ##
     ##       #### ##     ## ######## ########  ##     ##  ######  ########

You're about to initialize a Firebase project in this directory:

  C:\Users\Gamer\Documents\GitHub\Portafolio_AP\Front-End

Before we get started, keep in mind:

  * You are initializing within an existing Firebase project directory

[info] 
=== Project Setup
[info] 
[info] First, let's associate this project directory with a Firebase project.
[info] You can create multiple project aliases by running firebase use --add, 
[info] but for now we'll just set up a default project.
[info] 
[debug] [2023-04-17T15:36:12.984Z] Using project from CLI flag: portafolio-ap-fcc99
[debug] [2023-04-17T15:36:12.986Z] > refreshing access token with scopes: []
[debug] [2023-04-17T15:36:12.988Z] >>> [apiv2][query] POST https://www.googleapis.com/oauth2/v3/token [none]
[debug] [2023-04-17T15:36:12.988Z] >>> [apiv2][body] POST https://www.googleapis.com/oauth2/v3/token [omitted]
[debug] [2023-04-17T15:36:13.303Z] <<< [apiv2][status] POST https://www.googleapis.com/oauth2/v3/token 200
[debug] [2023-04-17T15:36:13.303Z] <<< [apiv2][body] POST https://www.googleapis.com/oauth2/v3/token [omitted]
[debug] [2023-04-17T15:36:13.321Z] >>> [apiv2][query] GET https://firebase.googleapis.com/v1beta1/projects/portafolio-ap-fcc99 [none]
[debug] [2023-04-17T15:36:13.767Z] <<< [apiv2][status] GET https://firebase.googleapis.com/v1beta1/projects/portafolio-ap-fcc99 200
[debug] [2023-04-17T15:36:13.768Z] <<< [apiv2][body] GET https://firebase.googleapis.com/v1beta1/projects/portafolio-ap-fcc99 {"projectId":"portafolio-ap-fcc99","projectNumber":"641992546683","displayName":"Portafolio-AP","name":"projects/portafolio-ap-fcc99","resources":{"hostingSite":"portafolio-ap-fcc99","storageBucket":"portafolio-ap-fcc99.appspot.com","locationId":"southamerica-east1"},"state":"ACTIVE","etag":"1_b6d6ab09-6001-45f4-92ac-7d76f7deffd6"}
[info] i  Using project portafolio-ap-fcc99 (Portafolio-AP) 
[info] 
=== Hosting Setup
[info] 
[info] Your public directory is the folder (relative to your project directory) that
[info] will contain Hosting assets to be uploaded with firebase deploy. If you
[info] have a build process for your assets, use your build's output directory.
[info] 
[debug] [2023-04-17T15:37:22.608Z] >>> [apiv2][query] GET https://www.gstatic.com/firebasejs/releases.json [none]
[debug] [2023-04-17T15:37:22.716Z] <<< [apiv2][status] GET https://www.gstatic.com/firebasejs/releases.json 200
[debug] [2023-04-17T15:37:22.716Z] <<< [apiv2][body] GET https://www.gstatic.com/firebasejs/releases.json {"current":{"version":"9.19.1","browserURL":"https://www.gstatic.com/firebasejs/9.19.1/firebase.js","packageURL":"https://www.gstatic.com/firebasejs/9.19.1/firebase.tgz"},"live":{"version":"9.19","browserURL":"https://www.gstatic.com/firebasejs/live/9.19/firebase.js","packageURL":"https://www.gstatic.com/firebasejs/live/9.19/firebase.tgz"},"components":{"analytics":"https://www.gstatic.com/firebasejs/9.19.1/firebase-analytics.js","app":"https://www.gstatic.com/firebasejs/9.19.1/firebase-app.js","app-check":"https://www.gstatic.com/firebasejs/9.19.1/firebase-app-check.js","auth":"https://www.gstatic.com/firebasejs/9.19.1/firebase-auth.js","auth/cordova":"https://www.gstatic.com/firebasejs/9.19.1/firebase-auth/cordova.js","auth/react-native":"https://www.gstatic.com/firebasejs/9.19.1/firebase-auth/react-native.js","functions":"https://www.gstatic.com/firebasejs/9.19.1/firebase-functions.js","firestore":"https://www.gstatic.com/firebasejs/9.19.1/firebase-firestore.js","firestore/lite":"https://www.gstatic.com/firebasejs/9.19.1/firebase-firestore/lite.js","installations":"https://www.gstatic.com/firebasejs/9.19.1/firebase-installations.js","storage":"https://www.gstatic.com/firebasejs/9.19.1/firebase-storage.js","performance":"https://www.gstatic.com/firebasejs/9.19.1/firebase-performance.js","remote-config":"https://www.gstatic.com/firebasejs/9.19.1/firebase-remote-config.js","messaging":"https://www.gstatic.com/firebasejs/9.19.1/firebase-messaging.js","messaging/sw":"https://www.gstatic.com/firebasejs/9.19.1/firebase-messaging/sw.js","database":"https://www.gstatic.com/firebasejs/9.19.1/firebase-database.js","firestore.memory":"https://www.gstatic.com/firebasejs/9.19.1/firebase-firestore.memory.js"}}
[info] +  Wrote dist/portafolio-ap/index.html 
[info] 
[info] i  Detected a .git folder at C:\Users\Gamer\Documents\GitHub\Portafolio_AP 
[info] i  Authorizing with GitHub to upload your service account to a GitHub repository's secrets store. 
[info] 
[info] Visit this URL on this device to log in:
[info] https://github.com/login/oauth/authorize?client_id=89cf50f02ac6aaed3484&state=993375567&redirect_uri=http%3A%2F%2Flocalhost%3A9005&scope=read%3Auser%20repo%20public_repo
[info] 
[info] Waiting for authentication...
[debug] [2023-04-17T15:37:46.651Z] >>> [apiv2][query] POST https://github.com/login/oauth/access_token [none]
[debug] [2023-04-17T15:37:46.651Z] >>> [apiv2][body] POST https://github.com/login/oauth/access_token [stream]
[debug] [2023-04-17T15:37:47.114Z] <<< [apiv2][status] POST https://github.com/login/oauth/access_token 200
[debug] [2023-04-17T15:37:47.115Z] <<< [apiv2][body] POST https://github.com/login/oauth/access_token {"access_token":"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","token_type":"bearer","scope":"read:user,repo"}
[debug] [2023-04-17T15:37:47.124Z] >>> [apiv2][query] GET https://api.github.com/user [none]
[debug] [2023-04-17T15:37:47.567Z] <<< [apiv2][status] GET https://api.github.com/user 200
[debug] [2023-04-17T15:37:47.567Z] <<< [apiv2][body] GET https://api.github.com/user {"login":"LautiCabrera","id":99212452,"node_id":"U_kgDOBencpA","avatar_url":"https://avatars.githubusercontent.com/u/99212452?v=4","gravatar_id":"","url":"https://api.github.com/users/LautiCabrera","html_url":"https://github.com/LautiCabrera","followers_url":"https://api.github.com/users/LautiCabrera/followers","following_url":"https://api.github.com/users/LautiCabrera/following{/other_user}","gists_url":"https://api.github.com/users/LautiCabrera/gists{/gist_id}","starred_url":"https://api.github.com/users/LautiCabrera/starred{/owner}{/repo}","subscriptions_url":"https://api.github.com/users/LautiCabrera/subscriptions","organizations_url":"https://api.github.com/users/LautiCabrera/orgs","repos_url":"https://api.github.com/users/LautiCabrera/repos","events_url":"https://api.github.com/users/LautiCabrera/events{/privacy}","received_events_url":"https://api.github.com/users/LautiCabrera/received_events","type":"User","site_admin":false,"name":"Lautaro Cabrera","company":null,"blog":"","location":"Argentina","email":null,"hireable":null,"bio":"¡Bienvenid@ a mi perfil!\r\n\r\nSi te gusto mi repo, tienes alguna observación que comentarme o simplemente quieres hacer networking, no dudes en contactarme.","twitter_username":null,"public_repos":3,"public_gists":0,"followers":1,"following":2,"created_at":"2022-02-07T19:11:34Z","updated_at":"2023-03-18T14:34:04Z","private_gists":0,"total_private_repos":0,"owned_private_repos":0,"disk_usage":9920,"collaborators":0,"two_factor_authentication":false,"plan":{"name":"free","space":976562499,"collaborators":0,"private_repos":10000}}
[info] 
[info] +  Success! Logged into GitHub as LautiCabrera 
[info] 
